

Started GET "/" for ::1 at 2015-12-23 00:50:27 +0900
Processing by Rails::WelcomeController#index as HTML
  Rendered /usr/local/share/gems/gems/railties-4.2.5/lib/rails/templates/rails/welcome/index.html.erb (2.4ms)
Completed 200 OK in 80ms (Views: 51.2ms | ActiveRecord: 0.0ms)


Started GET "/" for ::1 at 2015-12-23 02:11:19 +0900
Processing by TopController#index as HTML
  Rendered top/index.html.erb within layouts/application (1.7ms)
Completed 200 OK in 1268ms (Views: 1250.2ms | ActiveRecord: 0.0ms)


Started GET "/assets/application.self-e80e8f2318043e8af94dddc2adad5a4f09739a8ebb323b3ab31cd71d45fd9113.css?body=1" for ::1 at 2015-12-23 02:11:20 +0900


Started GET "/assets/turbolinks.self-c37727e9bd6b2735da5c311aa83fead54ed0be6cc8bd9a65309e9c5abe2cbfff.js?body=1" for ::1 at 2015-12-23 02:11:20 +0900


Started GET "/assets/jquery.self-a714331225dda820228db323939889f149aec0127aeb06255646b616ba1ca419.js?body=1" for ::1 at 2015-12-23 02:11:20 +0900


Started GET "/assets/jquery_ujs.self-d456baa54c1fa6be2ec3711f0a72ddf7a5b2f34a6b4f515f33767d6207b7d4b3.js?body=1" for ::1 at 2015-12-23 02:11:20 +0900


Started GET "/assets/application.self-3b8dabdc891efe46b9a144b400ad69e37d7e5876bdc39dee783419a69d7ca819.js?body=1" for ::1 at 2015-12-23 02:11:20 +0900


Started GET "/" for ::1 at 2015-12-23 02:23:46 +0900
Processing by TopController#index as HTML
  Rendered top/index.html.erb within layouts/application (1.3ms)
Completed 200 OK in 506ms (Views: 488.3ms | ActiveRecord: 0.0ms)


Started GET "/assets/jquery_ujs.self-d456baa54c1fa6be2ec3711f0a72ddf7a5b2f34a6b4f515f33767d6207b7d4b3.js?body=1" for ::1 at 2015-12-23 02:23:47 +0900


Started GET "/assets/application.self-e80e8f2318043e8af94dddc2adad5a4f09739a8ebb323b3ab31cd71d45fd9113.css?body=1" for ::1 at 2015-12-23 02:23:47 +0900


Started GET "/assets/jquery.self-a714331225dda820228db323939889f149aec0127aeb06255646b616ba1ca419.js?body=1" for ::1 at 2015-12-23 02:23:47 +0900


Started GET "/assets/turbolinks.self-c37727e9bd6b2735da5c311aa83fead54ed0be6cc8bd9a65309e9c5abe2cbfff.js?body=1" for ::1 at 2015-12-23 02:23:47 +0900


Started GET "/assets/application.self-3b8dabdc891efe46b9a144b400ad69e37d7e5876bdc39dee783419a69d7ca819.js?body=1" for ::1 at 2015-12-23 02:23:47 +0900


Started GET "/" for ::1 at 2015-12-23 02:27:00 +0900
Processing by TopController#index as HTML
  Rendered top/index.html.erb within layouts/application (0.7ms)
Completed 200 OK in 96ms (Views: 94.4ms | ActiveRecord: 0.0ms)


Started GET "/assets/application.self-e80e8f2318043e8af94dddc2adad5a4f09739a8ebb323b3ab31cd71d45fd9113.css?body=1" for ::1 at 2015-12-23 02:27:00 +0900


Started GET "/assets/jquery.self-a714331225dda820228db323939889f149aec0127aeb06255646b616ba1ca419.js?body=1" for ::1 at 2015-12-23 02:27:00 +0900


Started GET "/assets/turbolinks.self-c37727e9bd6b2735da5c311aa83fead54ed0be6cc8bd9a65309e9c5abe2cbfff.js?body=1" for ::1 at 2015-12-23 02:27:00 +0900


Started GET "/assets/jquery_ujs.self-d456baa54c1fa6be2ec3711f0a72ddf7a5b2f34a6b4f515f33767d6207b7d4b3.js?body=1" for ::1 at 2015-12-23 02:27:00 +0900


Started GET "/assets/application.self-3b8dabdc891efe46b9a144b400ad69e37d7e5876bdc39dee783419a69d7ca819.js?body=1" for ::1 at 2015-12-23 02:27:00 +0900


Started GET "/" for ::1 at 2016-01-03 17:47:46 +0900
Processing by TopController#index as HTML
  Rendered top/index.html.erb within layouts/application (1.8ms)
  Rendered shared/_header.html.erb (2.5ms)
  Rendered shared/_login_form.html.erb (0.4ms)
  Rendered shared/_sidebar.html.erb (17.4ms)
  Rendered shared/_footer.html.erb (0.6ms)
Completed 200 OK in 886ms (Views: 850.8ms | ActiveRecord: 0.0ms)


Started GET "/assets/application.self-92be31b41ac90aebaec29c8b8173dcff25a87a0c8a807be398f7027ef501b2b1.css?body=1" for ::1 at 2016-01-03 17:47:48 +0900


Started GET "/assets/logo-8802f83d7f00fcbd22b4173c60d172ecaa188042f6306a2154861b2555515ad5.gif" for ::1 at 2016-01-03 17:47:48 +0900
  [1m[36m (46.2ms)[0m  [1mCREATE TABLE "schema_migrations" ("version" varchar NOT NULL) [0m
  [1m[35m (0.3ms)[0m  select sqlite_version(*)
  [1m[36m (5.9ms)[0m  [1mCREATE UNIQUE INDEX "unique_schema_migrations" ON "schema_migrations" ("version")[0m
  [1m[35mActiveRecord::SchemaMigration Load (0.3ms)[0m  SELECT "schema_migrations".* FROM "schema_migrations"
Migrating to CreateMembers (20160103085420)
  [1m[36m (0.2ms)[0m  [1mbegin transaction[0m
  [1m[35m (0.6ms)[0m  CREATE TABLE "members" ("id" INTEGER PRIMARY KEY AUTOINCREMENT NOT NULL, "number" integer NOT NULL, "name" varchar NOT NULL, "full_name" varchar, "email" varchar, "birthday" date, "gender" integer DEFAULT 0 NOT NULL, "administrator" boolean DEFAULT 'f' NOT NULL, "created_at" datetime NOT NULL, "updated_at" datetime NOT NULL) 
  [1m[36mSQL (0.2ms)[0m  [1mINSERT INTO "schema_migrations" ("version") VALUES (?)[0m  [["version", "20160103085420"]]
  [1m[35m (6.6ms)[0m  commit transaction
  [1m[36mActiveRecord::SchemaMigration Load (0.1ms)[0m  [1mSELECT "schema_migrations".* FROM "schema_migrations"[0m
  [1m[36m (0.4ms)[0m  [1mSELECT COUNT(*) FROM "members"[0m
  [1m[35m (0.2ms)[0m  begin transaction
  [1m[36mSQL (1.4ms)[0m  [1mINSERT INTO "members" ("number", "name", "created_at", "updated_at") VALUES (?, ?, ?, ?)[0m  [["number", 1], ["name", "Taro"], ["created_at", "2016-01-03 09:03:09.714603"], ["updated_at", "2016-01-03 09:03:09.714603"]]
  [1m[35m (8.6ms)[0m  commit transaction
  [1m[36mMember Load (1.0ms)[0m  [1mSELECT  "members".* FROM "members"  ORDER BY "members"."id" ASC LIMIT 1[0m
  [1m[35m (0.4ms)[0m  begin transaction
  [1m[36mSQL (0.7ms)[0m  [1mUPDATE "members" SET "number" = ?, "updated_at" = ? WHERE "members"."id" = ?[0m  [["number", 41], ["updated_at", "2016-01-03 09:06:18.233714"], ["id", 1]]
  [1m[35m (3.3ms)[0m  commit transaction
  [1m[36m (20.6ms)[0m  [1mCREATE TABLE "members" ("id" INTEGER PRIMARY KEY AUTOINCREMENT NOT NULL, "number" integer NOT NULL, "name" varchar NOT NULL, "full_name" varchar, "email" varchar, "birthday" date, "gender" integer DEFAULT 0 NOT NULL, "administrator" boolean DEFAULT 'f' NOT NULL, "created_at" datetime NOT NULL, "updated_at" datetime NOT NULL) [0m
  [1m[35m (4.4ms)[0m  CREATE TABLE "schema_migrations" ("version" varchar NOT NULL) 
  [1m[36m (0.2ms)[0m  [1mselect sqlite_version(*)[0m
  [1m[35m (3.9ms)[0m  CREATE UNIQUE INDEX "unique_schema_migrations" ON "schema_migrations" ("version")
  [1m[36m (0.1ms)[0m  [1mSELECT version FROM "schema_migrations"[0m
  [1m[35m (4.5ms)[0m  INSERT INTO "schema_migrations" (version) VALUES ('20160103085420')
  [1m[36m (4.3ms)[0m  [1mCREATE TABLE "members" ("id" INTEGER PRIMARY KEY AUTOINCREMENT NOT NULL, "number" integer NOT NULL, "name" varchar NOT NULL, "full_name" varchar, "email" varchar, "birthday" date, "gender" integer DEFAULT 0 NOT NULL, "administrator" boolean DEFAULT 'f' NOT NULL, "created_at" datetime NOT NULL, "updated_at" datetime NOT NULL) [0m
  [1m[35m (2.5ms)[0m  CREATE TABLE "schema_migrations" ("version" varchar NOT NULL) 
  [1m[36m (0.1ms)[0m  [1mselect sqlite_version(*)[0m
  [1m[35m (3.1ms)[0m  CREATE UNIQUE INDEX "unique_schema_migrations" ON "schema_migrations" ("version")
  [1m[36m (0.1ms)[0m  [1mSELECT version FROM "schema_migrations"[0m
  [1m[35m (51.3ms)[0m  INSERT INTO "schema_migrations" (version) VALUES ('20160103085420')
  [1m[36mActiveRecord::SchemaMigration Load (0.1ms)[0m  [1mSELECT "schema_migrations".* FROM "schema_migrations"[0m
  [1m[35m (0.1ms)[0m  begin transaction
  [1m[36mSQL (0.5ms)[0m  [1mINSERT INTO "members" ("number", "name", "full_name", "email", "birthday", "administrator", "created_at", "updated_at") VALUES (?, ?, ?, ?, ?, ?, ?, ?)[0m  [["number", 10], ["name", "Taro"], ["full_name", "佐藤 太郎"], ["email", "Taro@example.com"], ["birthday", "1981-12-01"], ["administrator", "t"], ["created_at", "2016-01-03 09:22:11.973906"], ["updated_at", "2016-01-03 09:22:11.973906"]]
  [1m[35m (3.4ms)[0m  commit transaction
  [1m[36m (0.1ms)[0m  [1mbegin transaction[0m
  [1m[35mSQL (0.3ms)[0m  INSERT INTO "members" ("number", "name", "full_name", "email", "birthday", "created_at", "updated_at") VALUES (?, ?, ?, ?, ?, ?, ?)  [["number", 11], ["name", "Jiro"], ["full_name", "鈴木 次郎"], ["email", "Jiro@example.com"], ["birthday", "1981-12-01"], ["created_at", "2016-01-03 09:22:11.980805"], ["updated_at", "2016-01-03 09:22:11.980805"]]
  [1m[36m (3.1ms)[0m  [1mcommit transaction[0m
  [1m[35m (0.1ms)[0m  begin transaction
  [1m[36mSQL (0.3ms)[0m  [1mINSERT INTO "members" ("number", "name", "full_name", "email", "birthday", "gender", "created_at", "updated_at") VALUES (?, ?, ?, ?, ?, ?, ?, ?)[0m  [["number", 12], ["name", "Hana"], ["full_name", "高橋 花子"], ["email", "Hana@example.com"], ["birthday", "1981-12-01"], ["gender", 1], ["created_at", "2016-01-03 09:22:11.986039"], ["updated_at", "2016-01-03 09:22:11.986039"]]
  [1m[35m (4.8ms)[0m  commit transaction
  [1m[36m (0.1ms)[0m  [1mbegin transaction[0m
  [1m[35mSQL (0.2ms)[0m  INSERT INTO "members" ("number", "name", "full_name", "email", "birthday", "created_at", "updated_at") VALUES (?, ?, ?, ?, ?, ?, ?)  [["number", 13], ["name", "John"], ["full_name", "田中 太郎"], ["email", "John@example.com"], ["birthday", "1981-12-01"], ["created_at", "2016-01-03 09:22:11.992922"], ["updated_at", "2016-01-03 09:22:11.992922"]]
  [1m[36m (3.4ms)[0m  [1mcommit transaction[0m
  [1m[35m (0.1ms)[0m  begin transaction
  [1m[36mSQL (0.2ms)[0m  [1mINSERT INTO "members" ("number", "name", "full_name", "email", "birthday", "created_at", "updated_at") VALUES (?, ?, ?, ?, ?, ?, ?)[0m  [["number", 14], ["name", "Mike"], ["full_name", "佐藤 次郎"], ["email", "Mike@example.com"], ["birthday", "1981-12-01"], ["created_at", "2016-01-03 09:22:11.998054"], ["updated_at", "2016-01-03 09:22:11.998054"]]
  [1m[35m (23.7ms)[0m  commit transaction
  [1m[36m (0.1ms)[0m  [1mbegin transaction[0m
  [1m[35mSQL (0.2ms)[0m  INSERT INTO "members" ("number", "name", "full_name", "email", "birthday", "gender", "created_at", "updated_at") VALUES (?, ?, ?, ?, ?, ?, ?, ?)  [["number", 15], ["name", "Sophy"], ["full_name", "鈴木 花子"], ["email", "Sophy@example.com"], ["birthday", "1981-12-01"], ["gender", 1], ["created_at", "2016-01-03 09:22:12.023663"], ["updated_at", "2016-01-03 09:22:12.023663"]]
  [1m[36m (3.7ms)[0m  [1mcommit transaction[0m
  [1m[35m (0.1ms)[0m  begin transaction
  [1m[36mSQL (0.2ms)[0m  [1mINSERT INTO "members" ("number", "name", "full_name", "email", "birthday", "created_at", "updated_at") VALUES (?, ?, ?, ?, ?, ?, ?)[0m  [["number", 16], ["name", "Bill"], ["full_name", "高橋 太郎"], ["email", "Bill@example.com"], ["birthday", "1981-12-01"], ["created_at", "2016-01-03 09:22:12.029321"], ["updated_at", "2016-01-03 09:22:12.029321"]]
  [1m[35m (3.6ms)[0m  commit transaction
  [1m[36m (0.1ms)[0m  [1mbegin transaction[0m
  [1m[35mSQL (0.3ms)[0m  INSERT INTO "members" ("number", "name", "full_name", "email", "birthday", "created_at", "updated_at") VALUES (?, ?, ?, ?, ?, ?, ?)  [["number", 17], ["name", "Alex"], ["full_name", "田中 次郎"], ["email", "Alex@example.com"], ["birthday", "1981-12-01"], ["created_at", "2016-01-03 09:22:12.035192"], ["updated_at", "2016-01-03 09:22:12.035192"]]
  [1m[36m (3.8ms)[0m  [1mcommit transaction[0m
  [1m[35m (0.1ms)[0m  begin transaction
  [1m[36mSQL (0.3ms)[0m  [1mINSERT INTO "members" ("number", "name", "full_name", "email", "birthday", "gender", "created_at", "updated_at") VALUES (?, ?, ?, ?, ?, ?, ?, ?)[0m  [["number", 18], ["name", "Mary"], ["full_name", "佐藤 花子"], ["email", "Mary@example.com"], ["birthday", "1981-12-01"], ["gender", 1], ["created_at", "2016-01-03 09:22:12.041142"], ["updated_at", "2016-01-03 09:22:12.041142"]]
  [1m[35m (4.1ms)[0m  commit transaction
  [1m[36m (0.1ms)[0m  [1mbegin transaction[0m
  [1m[35mSQL (0.2ms)[0m  INSERT INTO "members" ("number", "name", "full_name", "email", "birthday", "created_at", "updated_at") VALUES (?, ?, ?, ?, ?, ?, ?)  [["number", 19], ["name", "Tom"], ["full_name", "鈴木 太郎"], ["email", "Tom@example.com"], ["birthday", "1981-12-01"], ["created_at", "2016-01-03 09:22:12.047321"], ["updated_at", "2016-01-03 09:22:12.047321"]]
  [1m[36m (3.9ms)[0m  [1mcommit transaction[0m
  [1m[36m (7.0ms)[0m  [1mCREATE TABLE "schema_migrations" ("version" varchar NOT NULL) [0m
  [1m[35m (0.1ms)[0m  select sqlite_version(*)
  [1m[36m (2.8ms)[0m  [1mCREATE UNIQUE INDEX "unique_schema_migrations" ON "schema_migrations" ("version")[0m
  [1m[35mActiveRecord::SchemaMigration Load (0.1ms)[0m  SELECT "schema_migrations".* FROM "schema_migrations"
Migrating to CreateMembers (20160103085420)
  [1m[36m (0.2ms)[0m  [1mbegin transaction[0m
  [1m[35m (0.5ms)[0m  CREATE TABLE "members" ("id" INTEGER PRIMARY KEY AUTOINCREMENT NOT NULL, "number" integer NOT NULL, "name" varchar NOT NULL, "full_name" varchar, "email" varchar, "birthday" date, "gender" integer DEFAULT 0 NOT NULL, "administrator" boolean DEFAULT 'f' NOT NULL, "created_at" datetime NOT NULL, "updated_at" datetime NOT NULL) 
  [1m[36mSQL (0.2ms)[0m  [1mINSERT INTO "schema_migrations" ("version") VALUES (?)[0m  [["version", "20160103085420"]]
  [1m[35m (20.1ms)[0m  commit transaction
  [1m[36mActiveRecord::SchemaMigration Load (0.1ms)[0m  [1mSELECT "schema_migrations".* FROM "schema_migrations"[0m
  [1m[36mActiveRecord::SchemaMigration Load (0.1ms)[0m  [1mSELECT "schema_migrations".* FROM "schema_migrations"[0m
  [1m[35m (0.1ms)[0m  begin transaction
  [1m[36mSQL (0.6ms)[0m  [1mINSERT INTO "members" ("number", "name", "full_name", "email", "birthday", "administrator", "created_at", "updated_at") VALUES (?, ?, ?, ?, ?, ?, ?, ?)[0m  [["number", 10], ["name", "Taro"], ["full_name", "佐藤 太郎"], ["email", "Taro@example.com"], ["birthday", "1981-12-01"], ["administrator", "t"], ["created_at", "2016-01-03 09:22:55.649719"], ["updated_at", "2016-01-03 09:22:55.649719"]]
  [1m[35m (11.4ms)[0m  commit transaction
  [1m[36m (0.1ms)[0m  [1mbegin transaction[0m
  [1m[35mSQL (0.4ms)[0m  INSERT INTO "members" ("number", "name", "full_name", "email", "birthday", "created_at", "updated_at") VALUES (?, ?, ?, ?, ?, ?, ?)  [["number", 11], ["name", "Jiro"], ["full_name", "鈴木 次郎"], ["email", "Jiro@example.com"], ["birthday", "1981-12-01"], ["created_at", "2016-01-03 09:22:55.667391"], ["updated_at", "2016-01-03 09:22:55.667391"]]
  [1m[36m (39.4ms)[0m  [1mcommit transaction[0m
  [1m[35m (0.1ms)[0m  begin transaction
  [1m[36mSQL (0.3ms)[0m  [1mINSERT INTO "members" ("number", "name", "full_name", "email", "birthday", "gender", "created_at", "updated_at") VALUES (?, ?, ?, ?, ?, ?, ?, ?)[0m  [["number", 12], ["name", "Hana"], ["full_name", "高橋 花子"], ["email", "Hana@example.com"], ["birthday", "1981-12-01"], ["gender", 1], ["created_at", "2016-01-03 09:22:55.709615"], ["updated_at", "2016-01-03 09:22:55.709615"]]
  [1m[35m (4.4ms)[0m  commit transaction
  [1m[36m (0.1ms)[0m  [1mbegin transaction[0m
  [1m[35mSQL (0.4ms)[0m  INSERT INTO "members" ("number", "name", "full_name", "email", "birthday", "created_at", "updated_at") VALUES (?, ?, ?, ?, ?, ?, ?)  [["number", 13], ["name", "John"], ["full_name", "田中 太郎"], ["email", "John@example.com"], ["birthday", "1981-12-01"], ["created_at", "2016-01-03 09:22:55.716452"], ["updated_at", "2016-01-03 09:22:55.716452"]]
  [1m[36m (3.8ms)[0m  [1mcommit transaction[0m
  [1m[35m (0.1ms)[0m  begin transaction
  [1m[36mSQL (0.2ms)[0m  [1mINSERT INTO "members" ("number", "name", "full_name", "email", "birthday", "created_at", "updated_at") VALUES (?, ?, ?, ?, ?, ?, ?)[0m  [["number", 14], ["name", "Mike"], ["full_name", "佐藤 次郎"], ["email", "Mike@example.com"], ["birthday", "1981-12-01"], ["created_at", "2016-01-03 09:22:55.722596"], ["updated_at", "2016-01-03 09:22:55.722596"]]
  [1m[35m (4.6ms)[0m  commit transaction
  [1m[36m (0.1ms)[0m  [1mbegin transaction[0m
  [1m[35mSQL (0.2ms)[0m  INSERT INTO "members" ("number", "name", "full_name", "email", "birthday", "gender", "created_at", "updated_at") VALUES (?, ?, ?, ?, ?, ?, ?, ?)  [["number", 15], ["name", "Sophy"], ["full_name", "鈴木 花子"], ["email", "Sophy@example.com"], ["birthday", "1981-12-01"], ["gender", 1], ["created_at", "2016-01-03 09:22:55.729230"], ["updated_at", "2016-01-03 09:22:55.729230"]]
  [1m[36m (2.8ms)[0m  [1mcommit transaction[0m
  [1m[35m (0.1ms)[0m  begin transaction
  [1m[36mSQL (0.2ms)[0m  [1mINSERT INTO "members" ("number", "name", "full_name", "email", "birthday", "created_at", "updated_at") VALUES (?, ?, ?, ?, ?, ?, ?)[0m  [["number", 16], ["name", "Bill"], ["full_name", "高橋 太郎"], ["email", "Bill@example.com"], ["birthday", "1981-12-01"], ["created_at", "2016-01-03 09:22:55.734042"], ["updated_at", "2016-01-03 09:22:55.734042"]]
  [1m[35m (5.2ms)[0m  commit transaction
  [1m[36m (0.1ms)[0m  [1mbegin transaction[0m
  [1m[35mSQL (0.2ms)[0m  INSERT INTO "members" ("number", "name", "full_name", "email", "birthday", "created_at", "updated_at") VALUES (?, ?, ?, ?, ?, ?, ?)  [["number", 17], ["name", "Alex"], ["full_name", "田中 次郎"], ["email", "Alex@example.com"], ["birthday", "1981-12-01"], ["created_at", "2016-01-03 09:22:55.741120"], ["updated_at", "2016-01-03 09:22:55.741120"]]
  [1m[36m (4.2ms)[0m  [1mcommit transaction[0m
  [1m[35m (0.1ms)[0m  begin transaction
  [1m[36mSQL (0.2ms)[0m  [1mINSERT INTO "members" ("number", "name", "full_name", "email", "birthday", "gender", "created_at", "updated_at") VALUES (?, ?, ?, ?, ?, ?, ?, ?)[0m  [["number", 18], ["name", "Mary"], ["full_name", "佐藤 花子"], ["email", "Mary@example.com"], ["birthday", "1981-12-01"], ["gender", 1], ["created_at", "2016-01-03 09:22:55.747193"], ["updated_at", "2016-01-03 09:22:55.747193"]]
  [1m[35m (3.6ms)[0m  commit transaction
  [1m[36m (0.1ms)[0m  [1mbegin transaction[0m
  [1m[35mSQL (0.3ms)[0m  INSERT INTO "members" ("number", "name", "full_name", "email", "birthday", "created_at", "updated_at") VALUES (?, ?, ?, ?, ?, ?, ?)  [["number", 19], ["name", "Tom"], ["full_name", "鈴木 太郎"], ["email", "Tom@example.com"], ["birthday", "1981-12-01"], ["created_at", "2016-01-03 09:22:55.752722"], ["updated_at", "2016-01-03 09:22:55.752722"]]
  [1m[36m (4.0ms)[0m  [1mcommit transaction[0m
  [1m[36m (0.3ms)[0m  [1mSELECT COUNT(*) FROM "members"[0m
  [1m[36m (0.2ms)[0m  [1mSELECT "members"."id" FROM "members"[0m
  [1m[35mMember Load (0.4ms)[0m  SELECT  "members".* FROM "members" WHERE "members"."id" = ? LIMIT 1  [["id", 3]]
  [1m[36mMember Load (0.3ms)[0m  [1mSELECT  "members".* FROM "members" WHERE "members"."id" = ? LIMIT 1[0m  [["id", 123]]


Started GET "/" for ::1 at 2016-01-03 19:02:33 +0900
  [1m[36mActiveRecord::SchemaMigration Load (0.2ms)[0m  [1mSELECT "schema_migrations".* FROM "schema_migrations"[0m
Processing by TopController#index as HTML
  Rendered top/index.html.erb within layouts/application (0.6ms)
  Rendered shared/_header.html.erb (3.7ms)
  Rendered shared/_login_form.html.erb (0.0ms)
  Rendered shared/_sidebar.html.erb (1.0ms)
  Rendered shared/_footer.html.erb (0.2ms)
Completed 200 OK in 197ms (Views: 196.2ms | ActiveRecord: 0.0ms)


Started GET "/members" for ::1 at 2016-01-03 19:02:38 +0900
Processing by MembersController#index as HTML
  [1m[35mMember Load (0.4ms)[0m  SELECT "members".* FROM "members"  ORDER BY number
  Rendered members/index.html.erb within layouts/application (14.8ms)
  Rendered shared/_header.html.erb (2.6ms)
  Rendered shared/_login_form.html.erb (0.5ms)
  Rendered shared/_sidebar.html.erb (2.5ms)
  Rendered shared/_footer.html.erb (0.8ms)
Completed 200 OK in 83ms (Views: 78.8ms | ActiveRecord: 0.8ms)


Started GET "/members" for ::1 at 2016-01-03 19:10:30 +0900
Processing by MembersController#index as HTML
  [1m[36mMember Load (0.6ms)[0m  [1mSELECT "members".* FROM "members"  ORDER BY number[0m
  Rendered members/index.html.erb within layouts/application (3.9ms)
  Rendered shared/_header.html.erb (2.2ms)
  Rendered shared/_login_form.html.erb (0.1ms)
  Rendered shared/_sidebar.html.erb (1.0ms)
  Rendered shared/_footer.html.erb (0.2ms)
Completed 200 OK in 33ms (Views: 30.9ms | ActiveRecord: 0.6ms)


Started GET "/assets/jquery.self-a714331225dda820228db323939889f149aec0127aeb06255646b616ba1ca419.js?body=1" for ::1 at 2016-01-03 19:10:30 +0900


Started GET "/assets/application.self-3b8dabdc891efe46b9a144b400ad69e37d7e5876bdc39dee783419a69d7ca819.js?body=1" for ::1 at 2016-01-03 19:10:30 +0900


Started GET "/assets/application.self-92be31b41ac90aebaec29c8b8173dcff25a87a0c8a807be398f7027ef501b2b1.css?body=1" for ::1 at 2016-01-03 19:10:30 +0900


Started GET "/assets/turbolinks.self-c37727e9bd6b2735da5c311aa83fead54ed0be6cc8bd9a65309e9c5abe2cbfff.js?body=1" for ::1 at 2016-01-03 19:10:30 +0900


Started GET "/assets/jquery_ujs.self-d456baa54c1fa6be2ec3711f0a72ddf7a5b2f34a6b4f515f33767d6207b7d4b3.js?body=1" for ::1 at 2016-01-03 19:10:30 +0900


Started GET "/assets/logo-8802f83d7f00fcbd22b4173c60d172ecaa188042f6306a2154861b2555515ad5.gif" for ::1 at 2016-01-03 19:10:30 +0900


Started GET "/members" for ::1 at 2016-01-03 19:10:32 +0900
Processing by MembersController#index as HTML
  [1m[35mMember Load (0.6ms)[0m  SELECT "members".* FROM "members"  ORDER BY number
  Rendered members/index.html.erb within layouts/application (3.3ms)
  Rendered shared/_header.html.erb (1.6ms)
  Rendered shared/_login_form.html.erb (0.0ms)
  Rendered shared/_sidebar.html.erb (0.7ms)
  Rendered shared/_footer.html.erb (0.2ms)
Completed 200 OK in 46ms (Views: 43.2ms | ActiveRecord: 0.6ms)


Started GET "/assets/turbolinks.self-c37727e9bd6b2735da5c311aa83fead54ed0be6cc8bd9a65309e9c5abe2cbfff.js?body=1" for ::1 at 2016-01-03 19:10:32 +0900


Started GET "/assets/jquery.self-a714331225dda820228db323939889f149aec0127aeb06255646b616ba1ca419.js?body=1" for ::1 at 2016-01-03 19:10:32 +0900


Started GET "/assets/application.self-3b8dabdc891efe46b9a144b400ad69e37d7e5876bdc39dee783419a69d7ca819.js?body=1" for ::1 at 2016-01-03 19:10:32 +0900


Started GET "/assets/jquery_ujs.self-d456baa54c1fa6be2ec3711f0a72ddf7a5b2f34a6b4f515f33767d6207b7d4b3.js?body=1" for ::1 at 2016-01-03 19:10:32 +0900


Started GET "/assets/application.self-92be31b41ac90aebaec29c8b8173dcff25a87a0c8a807be398f7027ef501b2b1.css?body=1" for ::1 at 2016-01-03 19:10:32 +0900


Started GET "/assets/logo-8802f83d7f00fcbd22b4173c60d172ecaa188042f6306a2154861b2555515ad5.gif" for ::1 at 2016-01-03 19:10:32 +0900


Started GET "/members" for ::1 at 2016-01-03 19:10:33 +0900
Processing by MembersController#index as HTML
  [1m[36mMember Load (0.6ms)[0m  [1mSELECT "members".* FROM "members"  ORDER BY number[0m
  Rendered members/index.html.erb within layouts/application (2.3ms)
  Rendered shared/_header.html.erb (5.1ms)
  Rendered shared/_login_form.html.erb (0.0ms)
  Rendered shared/_sidebar.html.erb (0.8ms)
  Rendered shared/_footer.html.erb (0.1ms)
Completed 200 OK in 30ms (Views: 28.6ms | ActiveRecord: 0.6ms)


Started GET "/assets/jquery.self-a714331225dda820228db323939889f149aec0127aeb06255646b616ba1ca419.js?body=1" for ::1 at 2016-01-03 19:10:33 +0900


Started GET "/assets/turbolinks.self-c37727e9bd6b2735da5c311aa83fead54ed0be6cc8bd9a65309e9c5abe2cbfff.js?body=1" for ::1 at 2016-01-03 19:10:33 +0900


Started GET "/assets/jquery_ujs.self-d456baa54c1fa6be2ec3711f0a72ddf7a5b2f34a6b4f515f33767d6207b7d4b3.js?body=1" for ::1 at 2016-01-03 19:10:33 +0900


Started GET "/assets/application.self-3b8dabdc891efe46b9a144b400ad69e37d7e5876bdc39dee783419a69d7ca819.js?body=1" for ::1 at 2016-01-03 19:10:33 +0900


Started GET "/assets/application.self-92be31b41ac90aebaec29c8b8173dcff25a87a0c8a807be398f7027ef501b2b1.css?body=1" for ::1 at 2016-01-03 19:10:33 +0900


Started GET "/assets/logo-8802f83d7f00fcbd22b4173c60d172ecaa188042f6306a2154861b2555515ad5.gif" for ::1 at 2016-01-03 19:10:33 +0900


Started GET "/" for ::1 at 2016-01-03 19:18:03 +0900
  [1m[36mActiveRecord::SchemaMigration Load (0.1ms)[0m  [1mSELECT "schema_migrations".* FROM "schema_migrations"[0m
Processing by TopController#index as HTML
  Rendered top/index.html.erb within layouts/application (2.0ms)
  Rendered shared/_header.html.erb (2.6ms)
  Rendered shared/_login_form.html.erb (0.3ms)
  Rendered shared/_sidebar.html.erb (1.6ms)
  Rendered shared/_footer.html.erb (0.5ms)
Completed 200 OK in 706ms (Views: 647.4ms | ActiveRecord: 0.0ms)


Started GET "/members" for ::1 at 2016-01-03 19:18:06 +0900
Processing by MembersController#index as HTML
  [1m[35mMember Load (0.5ms)[0m  SELECT "members".* FROM "members"  ORDER BY number
  Rendered members/index.html.erb within layouts/application (16.1ms)
  Rendered shared/_header.html.erb (3.0ms)
  Rendered shared/_login_form.html.erb (0.3ms)
  Rendered shared/_sidebar.html.erb (2.0ms)
  Rendered shared/_footer.html.erb (0.7ms)
Completed 200 OK in 47ms (Views: 43.7ms | ActiveRecord: 0.8ms)


Started GET "/members" for ::1 at 2016-01-03 19:18:09 +0900
Processing by MembersController#index as HTML
  [1m[36mMember Load (0.4ms)[0m  [1mSELECT "members".* FROM "members"  ORDER BY number[0m
  Rendered members/index.html.erb within layouts/application (3.4ms)
  Rendered shared/_header.html.erb (1.8ms)
  Rendered shared/_login_form.html.erb (0.1ms)
  Rendered shared/_sidebar.html.erb (0.7ms)
  Rendered shared/_footer.html.erb (0.3ms)
Completed 200 OK in 32ms (Views: 30.5ms | ActiveRecord: 0.4ms)


Started GET "/assets/jquery_ujs.self-d456baa54c1fa6be2ec3711f0a72ddf7a5b2f34a6b4f515f33767d6207b7d4b3.js?body=1" for ::1 at 2016-01-03 19:18:09 +0900


Started GET "/assets/application.self-3b8dabdc891efe46b9a144b400ad69e37d7e5876bdc39dee783419a69d7ca819.js?body=1" for ::1 at 2016-01-03 19:18:09 +0900


Started GET "/assets/application.self-92be31b41ac90aebaec29c8b8173dcff25a87a0c8a807be398f7027ef501b2b1.css?body=1" for ::1 at 2016-01-03 19:18:09 +0900


Started GET "/assets/jquery.self-a714331225dda820228db323939889f149aec0127aeb06255646b616ba1ca419.js?body=1" for ::1 at 2016-01-03 19:18:09 +0900


Started GET "/assets/turbolinks.self-c37727e9bd6b2735da5c311aa83fead54ed0be6cc8bd9a65309e9c5abe2cbfff.js?body=1" for ::1 at 2016-01-03 19:18:09 +0900


Started GET "/assets/logo-8802f83d7f00fcbd22b4173c60d172ecaa188042f6306a2154861b2555515ad5.gif" for ::1 at 2016-01-03 19:18:09 +0900


Started GET "/members" for ::1 at 2016-01-03 19:18:11 +0900
Processing by MembersController#index as HTML
  [1m[35mMember Load (0.6ms)[0m  SELECT "members".* FROM "members"  ORDER BY number
  Rendered members/index.html.erb within layouts/application (2.7ms)
  Rendered shared/_header.html.erb (1.8ms)
  Rendered shared/_login_form.html.erb (0.0ms)
  Rendered shared/_sidebar.html.erb (0.8ms)
  Rendered shared/_footer.html.erb (0.2ms)
Completed 200 OK in 28ms (Views: 25.3ms | ActiveRecord: 0.6ms)


Started GET "/assets/turbolinks.self-c37727e9bd6b2735da5c311aa83fead54ed0be6cc8bd9a65309e9c5abe2cbfff.js?body=1" for ::1 at 2016-01-03 19:18:11 +0900


Started GET "/assets/application.self-3b8dabdc891efe46b9a144b400ad69e37d7e5876bdc39dee783419a69d7ca819.js?body=1" for ::1 at 2016-01-03 19:18:11 +0900


Started GET "/assets/jquery_ujs.self-d456baa54c1fa6be2ec3711f0a72ddf7a5b2f34a6b4f515f33767d6207b7d4b3.js?body=1" for ::1 at 2016-01-03 19:18:11 +0900


Started GET "/assets/jquery.self-a714331225dda820228db323939889f149aec0127aeb06255646b616ba1ca419.js?body=1" for ::1 at 2016-01-03 19:18:11 +0900


Started GET "/assets/application.self-92be31b41ac90aebaec29c8b8173dcff25a87a0c8a807be398f7027ef501b2b1.css?body=1" for ::1 at 2016-01-03 19:18:11 +0900


Started GET "/assets/logo-8802f83d7f00fcbd22b4173c60d172ecaa188042f6306a2154861b2555515ad5.gif" for ::1 at 2016-01-03 19:18:12 +0900


Started GET "/members" for ::1 at 2016-01-03 19:18:13 +0900
Processing by MembersController#index as HTML
  [1m[36mMember Load (0.6ms)[0m  [1mSELECT "members".* FROM "members"  ORDER BY number[0m
  Rendered members/index.html.erb within layouts/application (3.6ms)
  Rendered shared/_header.html.erb (1.6ms)
  Rendered shared/_login_form.html.erb (0.0ms)
  Rendered shared/_sidebar.html.erb (0.7ms)
  Rendered shared/_footer.html.erb (0.1ms)
Completed 200 OK in 39ms (Views: 37.5ms | ActiveRecord: 0.6ms)


Started GET "/assets/application.self-92be31b41ac90aebaec29c8b8173dcff25a87a0c8a807be398f7027ef501b2b1.css?body=1" for ::1 at 2016-01-03 19:18:13 +0900


Started GET "/assets/application.self-3b8dabdc891efe46b9a144b400ad69e37d7e5876bdc39dee783419a69d7ca819.js?body=1" for ::1 at 2016-01-03 19:18:13 +0900


Started GET "/assets/turbolinks.self-c37727e9bd6b2735da5c311aa83fead54ed0be6cc8bd9a65309e9c5abe2cbfff.js?body=1" for ::1 at 2016-01-03 19:18:13 +0900


Started GET "/assets/jquery_ujs.self-d456baa54c1fa6be2ec3711f0a72ddf7a5b2f34a6b4f515f33767d6207b7d4b3.js?body=1" for ::1 at 2016-01-03 19:18:13 +0900


Started GET "/assets/jquery.self-a714331225dda820228db323939889f149aec0127aeb06255646b616ba1ca419.js?body=1" for ::1 at 2016-01-03 19:18:13 +0900


Started GET "/assets/logo-8802f83d7f00fcbd22b4173c60d172ecaa188042f6306a2154861b2555515ad5.gif" for ::1 at 2016-01-03 19:18:13 +0900


Started GET "/members" for ::1 at 2016-01-03 19:18:14 +0900
Processing by MembersController#index as HTML
  [1m[35mMember Load (0.6ms)[0m  SELECT "members".* FROM "members"  ORDER BY number
  Rendered members/index.html.erb within layouts/application (3.1ms)
  Rendered shared/_header.html.erb (1.7ms)
  Rendered shared/_login_form.html.erb (0.0ms)
  Rendered shared/_sidebar.html.erb (0.8ms)
  Rendered shared/_footer.html.erb (0.1ms)
Completed 200 OK in 104ms (Views: 102.3ms | ActiveRecord: 0.6ms)


Started GET "/assets/jquery.self-a714331225dda820228db323939889f149aec0127aeb06255646b616ba1ca419.js?body=1" for ::1 at 2016-01-03 19:18:14 +0900


Started GET "/assets/application.self-92be31b41ac90aebaec29c8b8173dcff25a87a0c8a807be398f7027ef501b2b1.css?body=1" for ::1 at 2016-01-03 19:18:14 +0900


Started GET "/assets/application.self-3b8dabdc891efe46b9a144b400ad69e37d7e5876bdc39dee783419a69d7ca819.js?body=1" for ::1 at 2016-01-03 19:18:14 +0900


Started GET "/assets/turbolinks.self-c37727e9bd6b2735da5c311aa83fead54ed0be6cc8bd9a65309e9c5abe2cbfff.js?body=1" for ::1 at 2016-01-03 19:18:14 +0900


Started GET "/assets/jquery_ujs.self-d456baa54c1fa6be2ec3711f0a72ddf7a5b2f34a6b4f515f33767d6207b7d4b3.js?body=1" for ::1 at 2016-01-03 19:18:14 +0900


Started GET "/assets/logo-8802f83d7f00fcbd22b4173c60d172ecaa188042f6306a2154861b2555515ad5.gif" for ::1 at 2016-01-03 19:18:14 +0900


Started GET "/" for ::1 at 2016-01-03 19:25:21 +0900
Processing by TopController#index as HTML
  Rendered top/index.html.erb within layouts/application (0.4ms)
  Rendered shared/_header.html.erb (1.6ms)
  Rendered shared/_login_form.html.erb (0.0ms)
  Rendered shared/_sidebar.html.erb (0.8ms)
  Rendered shared/_footer.html.erb (0.1ms)
Completed 200 OK in 195ms (Views: 193.6ms | ActiveRecord: 0.0ms)


Started GET "/assets/table.self-66de42f0cb906b792362baba7fc3788efa07593e6619ea76a3927742489d32b7.css?body=1" for ::1 at 2016-01-03 19:25:21 +0900


Started GET "/members" for ::1 at 2016-01-03 19:25:23 +0900
Processing by MembersController#index as HTML
  [1m[36mMember Load (0.5ms)[0m  [1mSELECT "members".* FROM "members"  ORDER BY number[0m
  Rendered members/index.html.erb within layouts/application (2.2ms)
  Rendered shared/_header.html.erb (1.4ms)
  Rendered shared/_login_form.html.erb (0.0ms)
  Rendered shared/_sidebar.html.erb (0.7ms)
  Rendered shared/_footer.html.erb (0.1ms)
Completed 200 OK in 30ms (Views: 28.5ms | ActiveRecord: 0.5ms)


Started GET "/members" for ::1 at 2016-01-03 19:55:50 +0900
Processing by MembersController#index as HTML
  [1m[35mMember Load (0.8ms)[0m  SELECT "members".* FROM "members"  ORDER BY number
  Rendered members/index.html.erb within layouts/application (144.0ms)
Completed 500 Internal Server Error in 169ms (ActiveRecord: 0.8ms)

ActionView::Template::Error (undefined method `lin_to' for #<#<Class:0x0000000595c888>:0x007f8e90056d80>):
    14:   <% @members.each do |member| %>
    15:   <tr>
    16:     <td style="text_align: right"><%= member.number %></td>
    17:     <td><%= lin_to member.name, member %></td>
    18:     <td><%= member.full_name %></td>
    19:     <td>
    20:       <%= link_to "編集", [:edit, member] %> |
  app/views/members/index.html.erb:17:in `block in _app_views_members_index_html_erb__2373416923692824950_70125139176620'
  app/views/members/index.html.erb:14:in `_app_views_members_index_html_erb__2373416923692824950_70125139176620'


  Rendered /usr/local/share/gems/gems/actionpack-4.2.5/lib/action_dispatch/middleware/templates/rescues/_source.erb (8.7ms)
  Rendered /usr/local/share/gems/gems/actionpack-4.2.5/lib/action_dispatch/middleware/templates/rescues/_trace.html.erb (4.7ms)
  Rendered /usr/local/share/gems/gems/actionpack-4.2.5/lib/action_dispatch/middleware/templates/rescues/_request_and_response.html.erb (1.3ms)
  Rendered /usr/local/share/gems/gems/actionpack-4.2.5/lib/action_dispatch/middleware/templates/rescues/template_error.html.erb within rescues/layout (32.2ms)
  Rendered /home/linux/.gem/ruby/gems/web-console-2.2.1/lib/web_console/templates/_markup.html.erb (0.5ms)
  Rendered /home/linux/.gem/ruby/gems/web-console-2.2.1/lib/web_console/templates/_inner_console_markup.html.erb within layouts/inlined_string (0.6ms)
  Rendered /home/linux/.gem/ruby/gems/web-console-2.2.1/lib/web_console/templates/_prompt_box_markup.html.erb within layouts/inlined_string (0.5ms)
  Rendered /home/linux/.gem/ruby/gems/web-console-2.2.1/lib/web_console/templates/style.css.erb within layouts/inlined_string (0.5ms)
  Rendered /home/linux/.gem/ruby/gems/web-console-2.2.1/lib/web_console/templates/console.js.erb within layouts/javascript (19.5ms)
  Rendered /home/linux/.gem/ruby/gems/web-console-2.2.1/lib/web_console/templates/main.js.erb within layouts/javascript (0.3ms)
  Rendered /home/linux/.gem/ruby/gems/web-console-2.2.1/lib/web_console/templates/error_page.js.erb within layouts/javascript (0.6ms)
  Rendered /home/linux/.gem/ruby/gems/web-console-2.2.1/lib/web_console/templates/index.html.erb (53.4ms)


Started GET "/members" for ::1 at 2016-01-03 19:56:26 +0900
Processing by MembersController#index as HTML
  [1m[36mMember Load (0.3ms)[0m  [1mSELECT "members".* FROM "members"  ORDER BY number[0m
  Rendered members/index.html.erb within layouts/application (41.2ms)
  Rendered shared/_header.html.erb (1.5ms)
  Rendered shared/_login_form.html.erb (0.0ms)
  Rendered shared/_sidebar.html.erb (0.8ms)
  Rendered shared/_footer.html.erb (0.2ms)
Completed 200 OK in 68ms (Views: 65.4ms | ActiveRecord: 0.3ms)


Started GET "/assets/table.self-66de42f0cb906b792362baba7fc3788efa07593e6619ea76a3927742489d32b7.css?body=1" for ::1 at 2016-01-03 19:56:27 +0900


Started GET "/assets/application.self-3b8dabdc891efe46b9a144b400ad69e37d7e5876bdc39dee783419a69d7ca819.js?body=1" for ::1 at 2016-01-03 19:56:27 +0900


Started GET "/assets/jquery.self-a714331225dda820228db323939889f149aec0127aeb06255646b616ba1ca419.js?body=1" for ::1 at 2016-01-03 19:56:27 +0900


Started GET "/assets/turbolinks.self-c37727e9bd6b2735da5c311aa83fead54ed0be6cc8bd9a65309e9c5abe2cbfff.js?body=1" for ::1 at 2016-01-03 19:56:27 +0900


Started GET "/assets/application.self-92be31b41ac90aebaec29c8b8173dcff25a87a0c8a807be398f7027ef501b2b1.css?body=1" for ::1 at 2016-01-03 19:56:27 +0900


Started GET "/assets/jquery_ujs.self-d456baa54c1fa6be2ec3711f0a72ddf7a5b2f34a6b4f515f33767d6207b7d4b3.js?body=1" for ::1 at 2016-01-03 19:56:27 +0900


Started GET "/assets/logo-8802f83d7f00fcbd22b4173c60d172ecaa188042f6306a2154861b2555515ad5.gif" for ::1 at 2016-01-03 19:56:27 +0900


Started GET "/members" for ::1 at 2016-01-03 20:11:47 +0900
Processing by MembersController#index as HTML
  [1m[35mMember Load (0.6ms)[0m  SELECT "members".* FROM "members"  ORDER BY number
  Rendered members/index.html.erb within layouts/application (18.3ms)
  Rendered shared/_header.html.erb (1.4ms)
  Rendered shared/_login_form.html.erb (0.0ms)
  Rendered shared/_sidebar.html.erb (0.7ms)
  Rendered shared/_footer.html.erb (0.1ms)
Completed 200 OK in 81ms (Views: 77.3ms | ActiveRecord: 1.0ms)


Started GET "/assets/table.self-66de42f0cb906b792362baba7fc3788efa07593e6619ea76a3927742489d32b7.css?body=1" for ::1 at 2016-01-03 20:11:47 +0900


Started GET "/assets/application.self-92be31b41ac90aebaec29c8b8173dcff25a87a0c8a807be398f7027ef501b2b1.css?body=1" for ::1 at 2016-01-03 20:11:47 +0900


Started GET "/assets/jquery.self-a714331225dda820228db323939889f149aec0127aeb06255646b616ba1ca419.js?body=1" for ::1 at 2016-01-03 20:11:47 +0900


Started GET "/assets/turbolinks.self-c37727e9bd6b2735da5c311aa83fead54ed0be6cc8bd9a65309e9c5abe2cbfff.js?body=1" for ::1 at 2016-01-03 20:11:47 +0900


Started GET "/assets/application.self-3b8dabdc891efe46b9a144b400ad69e37d7e5876bdc39dee783419a69d7ca819.js?body=1" for ::1 at 2016-01-03 20:11:47 +0900


Started GET "/assets/jquery_ujs.self-d456baa54c1fa6be2ec3711f0a72ddf7a5b2f34a6b4f515f33767d6207b7d4b3.js?body=1" for ::1 at 2016-01-03 20:11:47 +0900


Started GET "/assets/logo-8802f83d7f00fcbd22b4173c60d172ecaa188042f6306a2154861b2555515ad5.gif" for ::1 at 2016-01-03 20:11:47 +0900


Started GET "/members/search?utf8=%E2%9C%93&q=%E4%BD%90%E8%97%A4&commit=%E6%A4%9C%E7%B4%A2" for ::1 at 2016-01-03 20:11:55 +0900
Processing by MembersController#search as HTML
  Parameters: {"utf8"=>"✓", "q"=>"佐藤", "commit"=>"検索"}
  [1m[36mMember Load (0.4ms)[0m  [1mSELECT "members".* FROM "members" WHERE (name LIKE '%佐藤%' OR full_name LIKE '%佐藤%')  ORDER BY number[0m
  Rendered members/index.html.erb within layouts/application (3.5ms)
  Rendered shared/_header.html.erb (1.5ms)
  Rendered shared/_login_form.html.erb (0.0ms)
  Rendered shared/_sidebar.html.erb (0.8ms)
  Rendered shared/_footer.html.erb (0.1ms)
Completed 200 OK in 30ms (Views: 28.2ms | ActiveRecord: 0.4ms)


Started GET "/members/search?utf8=%E2%9C%93&q=%E4%BD%90%E8%97%A4&commit=%E6%A4%9C%E7%B4%A2" for ::1 at 2016-01-03 20:26:07 +0900
Processing by MembersController#search as HTML
  Parameters: {"utf8"=>"✓", "q"=>"佐藤", "commit"=>"検索"}
  [1m[35mMember Load (0.5ms)[0m  SELECT "members".* FROM "members" WHERE (name LIKE '%佐藤%' OR full_name LIKE '%佐藤%')  ORDER BY number
  Rendered members/index.html.erb within layouts/application (14.4ms)
  Rendered shared/_header.html.erb (1.5ms)
  Rendered shared/_login_form.html.erb (0.0ms)
  Rendered shared/_sidebar.html.erb (0.8ms)
  Rendered shared/_footer.html.erb (0.2ms)
Completed 200 OK in 42ms (Views: 38.7ms | ActiveRecord: 0.8ms)


Started GET "/assets/table.self-66de42f0cb906b792362baba7fc3788efa07593e6619ea76a3927742489d32b7.css?body=1" for ::1 at 2016-01-03 20:26:08 +0900


Started GET "/assets/application.self-92be31b41ac90aebaec29c8b8173dcff25a87a0c8a807be398f7027ef501b2b1.css?body=1" for ::1 at 2016-01-03 20:26:08 +0900


Started GET "/assets/jquery_ujs.self-d456baa54c1fa6be2ec3711f0a72ddf7a5b2f34a6b4f515f33767d6207b7d4b3.js?body=1" for ::1 at 2016-01-03 20:26:08 +0900


Started GET "/assets/application.self-3b8dabdc891efe46b9a144b400ad69e37d7e5876bdc39dee783419a69d7ca819.js?body=1" for ::1 at 2016-01-03 20:26:08 +0900


Started GET "/assets/jquery.self-a714331225dda820228db323939889f149aec0127aeb06255646b616ba1ca419.js?body=1" for ::1 at 2016-01-03 20:26:08 +0900


Started GET "/assets/turbolinks.self-c37727e9bd6b2735da5c311aa83fead54ed0be6cc8bd9a65309e9c5abe2cbfff.js?body=1" for ::1 at 2016-01-03 20:26:08 +0900


Started GET "/assets/logo-8802f83d7f00fcbd22b4173c60d172ecaa188042f6306a2154861b2555515ad5.gif" for ::1 at 2016-01-03 20:26:08 +0900


Started GET "/members" for ::1 at 2016-01-03 20:26:10 +0900
Processing by MembersController#index as HTML
  [1m[36mMember Load (0.3ms)[0m  [1mSELECT "members".* FROM "members"  ORDER BY number[0m
  Rendered members/index.html.erb within layouts/application (5.9ms)
  Rendered shared/_header.html.erb (1.3ms)
  Rendered shared/_login_form.html.erb (0.0ms)
  Rendered shared/_sidebar.html.erb (0.8ms)
  Rendered shared/_footer.html.erb (0.1ms)
Completed 200 OK in 27ms (Views: 25.9ms | ActiveRecord: 0.3ms)


Started GET "/members/1" for ::1 at 2016-01-03 20:26:13 +0900
Processing by MembersController#show as HTML
  Parameters: {"id"=>"1"}
  [1m[35mMember Load (0.5ms)[0m  SELECT  "members".* FROM "members" WHERE "members"."id" = ? LIMIT 1  [["id", 1]]
  Rendered members/show.html.erb within layouts/application (1.2ms)
  Rendered shared/_header.html.erb (1.5ms)
  Rendered shared/_login_form.html.erb (66.2ms)
  Rendered shared/_sidebar.html.erb (70.2ms)
  Rendered shared/_footer.html.erb (0.3ms)
Completed 200 OK in 145ms (Views: 93.9ms | ActiveRecord: 0.5ms)


Started GET "/members/1" for ::1 at 2016-01-03 20:27:09 +0900
Processing by MembersController#show as HTML
  Parameters: {"id"=>"1"}
  [1m[36mMember Load (0.2ms)[0m  [1mSELECT  "members".* FROM "members" WHERE "members"."id" = ? LIMIT 1[0m  [["id", 1]]
  Rendered members/show.html.erb within layouts/application (2.3ms)
  Rendered shared/_header.html.erb (1.7ms)
  Rendered shared/_login_form.html.erb (0.0ms)
  Rendered shared/_sidebar.html.erb (0.7ms)
  Rendered shared/_footer.html.erb (0.2ms)
Completed 200 OK in 33ms (Views: 30.4ms | ActiveRecord: 0.2ms)


Started GET "/assets/application.self-92be31b41ac90aebaec29c8b8173dcff25a87a0c8a807be398f7027ef501b2b1.css?body=1" for ::1 at 2016-01-03 20:27:09 +0900


Started GET "/assets/table.self-66de42f0cb906b792362baba7fc3788efa07593e6619ea76a3927742489d32b7.css?body=1" for ::1 at 2016-01-03 20:27:09 +0900


Started GET "/assets/jquery_ujs.self-d456baa54c1fa6be2ec3711f0a72ddf7a5b2f34a6b4f515f33767d6207b7d4b3.js?body=1" for ::1 at 2016-01-03 20:27:09 +0900


Started GET "/assets/jquery.self-a714331225dda820228db323939889f149aec0127aeb06255646b616ba1ca419.js?body=1" for ::1 at 2016-01-03 20:27:09 +0900


Started GET "/assets/turbolinks.self-c37727e9bd6b2735da5c311aa83fead54ed0be6cc8bd9a65309e9c5abe2cbfff.js?body=1" for ::1 at 2016-01-03 20:27:09 +0900


Started GET "/assets/application.self-3b8dabdc891efe46b9a144b400ad69e37d7e5876bdc39dee783419a69d7ca819.js?body=1" for ::1 at 2016-01-03 20:27:09 +0900


Started GET "/assets/logo-8802f83d7f00fcbd22b4173c60d172ecaa188042f6306a2154861b2555515ad5.gif" for ::1 at 2016-01-03 20:27:09 +0900


Started GET "/members" for ::1 at 2016-01-03 21:09:27 +0900
Processing by MembersController#index as HTML
  [1m[35mMember Load (0.8ms)[0m  SELECT "members".* FROM "members"  ORDER BY number
  Rendered members/index.html.erb within layouts/application (21.6ms)
  Rendered shared/_header.html.erb (91.7ms)
  Rendered shared/_login_form.html.erb (0.0ms)
  Rendered shared/_sidebar.html.erb (1.1ms)
  Rendered shared/_footer.html.erb (0.2ms)
Completed 200 OK in 148ms (Views: 143.0ms | ActiveRecord: 1.2ms)


Started GET "/members/new" for ::1 at 2016-01-03 21:09:29 +0900
Processing by MembersController#new as HTML
  Rendered members/_form.html.erb (3.2ms)
  Rendered members/new.html.erb within layouts/application (7.6ms)
Completed 500 Internal Server Error in 32ms (ActiveRecord: 0.0ms)

SyntaxError (/home/linux/デスクトップ/rails/asagao/app/views/members/_form.html.erb:27: syntax error, unexpected tSYMBEG, expecting keyword_do or '{' or '('
              start_year :1940, end_year: Time.now.year,
                          ^
/home/linux/デスクトップ/rails/asagao/app/views/members/_form.html.erb:28: syntax error, unexpected tLABEL, expecting '='
...             use_month_numbers: ture );@output_buffer.safe_a...
...                               ^):
  app/views/members/_form.html.erb:27: syntax error, unexpected tSYMBEG, expecting keyword_do or '{' or '('
  app/views/members/_form.html.erb:28: syntax error, unexpected tLABEL, expecting '='
  app/views/members/new.html.erb:6:in `block in _app_views_members_new_html_erb___876284527457925334_47473660'
  app/views/members/new.html.erb:5:in `_app_views_members_new_html_erb___876284527457925334_47473660'


  Rendered /usr/local/share/gems/gems/actionpack-4.2.5/lib/action_dispatch/middleware/templates/rescues/_source.erb (10.3ms)
  Rendered /usr/local/share/gems/gems/actionpack-4.2.5/lib/action_dispatch/middleware/templates/rescues/_trace.html.erb (4.9ms)
  Rendered /usr/local/share/gems/gems/actionpack-4.2.5/lib/action_dispatch/middleware/templates/rescues/_request_and_response.html.erb (1.1ms)
  Rendered /usr/local/share/gems/gems/actionpack-4.2.5/lib/action_dispatch/middleware/templates/rescues/diagnostics.html.erb within rescues/layout (28.0ms)
  Rendered /home/linux/.gem/ruby/gems/web-console-2.2.1/lib/web_console/templates/_markup.html.erb (0.7ms)
  Rendered /home/linux/.gem/ruby/gems/web-console-2.2.1/lib/web_console/templates/_inner_console_markup.html.erb within layouts/inlined_string (0.9ms)
  Rendered /home/linux/.gem/ruby/gems/web-console-2.2.1/lib/web_console/templates/_prompt_box_markup.html.erb within layouts/inlined_string (0.4ms)
  Rendered /home/linux/.gem/ruby/gems/web-console-2.2.1/lib/web_console/templates/style.css.erb within layouts/inlined_string (0.5ms)
  Rendered /home/linux/.gem/ruby/gems/web-console-2.2.1/lib/web_console/templates/console.js.erb within layouts/javascript (15.4ms)
  Rendered /home/linux/.gem/ruby/gems/web-console-2.2.1/lib/web_console/templates/main.js.erb within layouts/javascript (0.5ms)
  Rendered /home/linux/.gem/ruby/gems/web-console-2.2.1/lib/web_console/templates/error_page.js.erb within layouts/javascript (0.5ms)
  Rendered /home/linux/.gem/ruby/gems/web-console-2.2.1/lib/web_console/templates/index.html.erb (32.5ms)


Started GET "/members/new" for ::1 at 2016-01-03 21:09:29 +0900
Processing by MembersController#new as HTML
  Rendered members/_form.html.erb (1.5ms)
  Rendered members/new.html.erb within layouts/application (3.3ms)
Completed 500 Internal Server Error in 7ms (ActiveRecord: 0.0ms)

SyntaxError (/home/linux/デスクトップ/rails/asagao/app/views/members/_form.html.erb:27: syntax error, unexpected tSYMBEG, expecting keyword_do or '{' or '('
              start_year :1940, end_year: Time.now.year,
                          ^
/home/linux/デスクトップ/rails/asagao/app/views/members/_form.html.erb:28: syntax error, unexpected tLABEL, expecting '='
...             use_month_numbers: ture );@output_buffer.safe_a...
...                               ^):
  app/views/members/_form.html.erb:27: syntax error, unexpected tSYMBEG, expecting keyword_do or '{' or '('
  app/views/members/_form.html.erb:28: syntax error, unexpected tLABEL, expecting '='
  app/views/members/new.html.erb:6:in `block in _app_views_members_new_html_erb___876284527457925334_70125256204780'
  app/views/members/new.html.erb:5:in `_app_views_members_new_html_erb___876284527457925334_70125256204780'


  Rendered /usr/local/share/gems/gems/actionpack-4.2.5/lib/action_dispatch/middleware/templates/rescues/_source.erb (9.8ms)
  Rendered /usr/local/share/gems/gems/actionpack-4.2.5/lib/action_dispatch/middleware/templates/rescues/_trace.html.erb (4.7ms)
  Rendered /usr/local/share/gems/gems/actionpack-4.2.5/lib/action_dispatch/middleware/templates/rescues/_request_and_response.html.erb (1.0ms)
  Rendered /usr/local/share/gems/gems/actionpack-4.2.5/lib/action_dispatch/middleware/templates/rescues/diagnostics.html.erb within rescues/layout (26.9ms)
  Rendered /home/linux/.gem/ruby/gems/web-console-2.2.1/lib/web_console/templates/_markup.html.erb (0.3ms)
  Rendered /home/linux/.gem/ruby/gems/web-console-2.2.1/lib/web_console/templates/_inner_console_markup.html.erb within layouts/inlined_string (0.5ms)
  Rendered /home/linux/.gem/ruby/gems/web-console-2.2.1/lib/web_console/templates/_prompt_box_markup.html.erb within layouts/inlined_string (0.4ms)
  Rendered /home/linux/.gem/ruby/gems/web-console-2.2.1/lib/web_console/templates/style.css.erb within layouts/inlined_string (0.5ms)
  Rendered /home/linux/.gem/ruby/gems/web-console-2.2.1/lib/web_console/templates/console.js.erb within layouts/javascript (14.6ms)
  Rendered /home/linux/.gem/ruby/gems/web-console-2.2.1/lib/web_console/templates/main.js.erb within layouts/javascript (0.4ms)
  Rendered /home/linux/.gem/ruby/gems/web-console-2.2.1/lib/web_console/templates/error_page.js.erb within layouts/javascript (0.4ms)
  Rendered /home/linux/.gem/ruby/gems/web-console-2.2.1/lib/web_console/templates/index.html.erb (28.7ms)


Started GET "/members/new" for ::1 at 2016-01-03 21:10:25 +0900
Processing by MembersController#new as HTML
  Rendered members/_form.html.erb (154.2ms)
  Rendered members/new.html.erb within layouts/application (156.4ms)
Completed 500 Internal Server Error in 163ms (ActiveRecord: 0.0ms)

ActionView::Template::Error (undefined local variable or method `ture' for #<#<Class:0x007f8e9dfe0708>:0x007f8e9de3cb40>):
    25:               for: "member_bithday_1i" %></th>
    26:     <td><%= form.date_select :birthday,
    27:               start_year: 1940, end_year: Time.now.year,
    28:               use_month_numbers: ture %></td>
    29:   </tr>
    30:   <tr>
    31:     <th><%= form.label :email, "メールアドレス" %></th>
  app/views/members/_form.html.erb:28:in `_app_views_members__form_html_erb__1574379286397449558_70125255538160'
  app/views/members/new.html.erb:6:in `block in _app_views_members_new_html_erb___876284527457925334_70125256204780'
  app/views/members/new.html.erb:5:in `_app_views_members_new_html_erb___876284527457925334_70125256204780'


  Rendered /usr/local/share/gems/gems/actionpack-4.2.5/lib/action_dispatch/middleware/templates/rescues/_source.erb (9.5ms)
  Rendered /usr/local/share/gems/gems/actionpack-4.2.5/lib/action_dispatch/middleware/templates/rescues/_trace.html.erb (4.5ms)
  Rendered /usr/local/share/gems/gems/actionpack-4.2.5/lib/action_dispatch/middleware/templates/rescues/_request_and_response.html.erb (0.9ms)
  Rendered /usr/local/share/gems/gems/actionpack-4.2.5/lib/action_dispatch/middleware/templates/rescues/template_error.html.erb within rescues/layout (25.6ms)
  Rendered /home/linux/.gem/ruby/gems/web-console-2.2.1/lib/web_console/templates/_markup.html.erb (0.3ms)
  Rendered /home/linux/.gem/ruby/gems/web-console-2.2.1/lib/web_console/templates/_inner_console_markup.html.erb within layouts/inlined_string (0.3ms)
  Rendered /home/linux/.gem/ruby/gems/web-console-2.2.1/lib/web_console/templates/_prompt_box_markup.html.erb within layouts/inlined_string (0.3ms)
  Rendered /home/linux/.gem/ruby/gems/web-console-2.2.1/lib/web_console/templates/style.css.erb within layouts/inlined_string (0.5ms)
  Rendered /home/linux/.gem/ruby/gems/web-console-2.2.1/lib/web_console/templates/console.js.erb within layouts/javascript (12.6ms)
  Rendered /home/linux/.gem/ruby/gems/web-console-2.2.1/lib/web_console/templates/main.js.erb within layouts/javascript (0.5ms)
  Rendered /home/linux/.gem/ruby/gems/web-console-2.2.1/lib/web_console/templates/error_page.js.erb within layouts/javascript (0.5ms)
  Rendered /home/linux/.gem/ruby/gems/web-console-2.2.1/lib/web_console/templates/index.html.erb (27.3ms)


Started GET "/members/new" for ::1 at 2016-01-03 21:10:56 +0900
Processing by MembersController#new as HTML
  Rendered members/_form.html.erb (100.2ms)
  Rendered members/new.html.erb within layouts/application (102.5ms)
  Rendered shared/_header.html.erb (1.7ms)
  Rendered shared/_login_form.html.erb (0.0ms)
  Rendered shared/_sidebar.html.erb (0.8ms)
  Rendered shared/_footer.html.erb (0.1ms)
Completed 200 OK in 126ms (Views: 124.7ms | ActiveRecord: 0.0ms)


Started GET "/assets/table.self-66de42f0cb906b792362baba7fc3788efa07593e6619ea76a3927742489d32b7.css?body=1" for ::1 at 2016-01-03 21:10:56 +0900


Started GET "/assets/jquery.self-a714331225dda820228db323939889f149aec0127aeb06255646b616ba1ca419.js?body=1" for ::1 at 2016-01-03 21:10:56 +0900


Started GET "/assets/application.self-92be31b41ac90aebaec29c8b8173dcff25a87a0c8a807be398f7027ef501b2b1.css?body=1" for ::1 at 2016-01-03 21:10:56 +0900


Started GET "/assets/jquery_ujs.self-d456baa54c1fa6be2ec3711f0a72ddf7a5b2f34a6b4f515f33767d6207b7d4b3.js?body=1" for ::1 at 2016-01-03 21:10:56 +0900


Started GET "/assets/turbolinks.self-c37727e9bd6b2735da5c311aa83fead54ed0be6cc8bd9a65309e9c5abe2cbfff.js?body=1" for ::1 at 2016-01-03 21:10:56 +0900


Started GET "/assets/application.self-3b8dabdc891efe46b9a144b400ad69e37d7e5876bdc39dee783419a69d7ca819.js?body=1" for ::1 at 2016-01-03 21:10:56 +0900


Started GET "/assets/logo-8802f83d7f00fcbd22b4173c60d172ecaa188042f6306a2154861b2555515ad5.gif" for ::1 at 2016-01-03 21:10:56 +0900


Started GET "/members" for ::1 at 2016-01-03 21:11:57 +0900
Processing by MembersController#index as HTML
  [1m[36mMember Load (0.3ms)[0m  [1mSELECT "members".* FROM "members"  ORDER BY number[0m
  Rendered members/index.html.erb within layouts/application (6.2ms)
  Rendered shared/_header.html.erb (1.9ms)
  Rendered shared/_login_form.html.erb (0.1ms)
  Rendered shared/_sidebar.html.erb (0.9ms)
  Rendered shared/_footer.html.erb (0.2ms)
Completed 200 OK in 32ms (Views: 30.3ms | ActiveRecord: 0.3ms)


Started GET "/members/1/edit" for ::1 at 2016-01-03 21:11:59 +0900
Processing by MembersController#edit as HTML
  Parameters: {"id"=>"1"}
  [1m[35mMember Load (0.4ms)[0m  SELECT  "members".* FROM "members" WHERE "members"."id" = ? LIMIT 1  [["id", 1]]
  Rendered members/_form.html.erb (5.8ms)
  Rendered members/edit.html.erb within layouts/application (26.8ms)
  Rendered shared/_header.html.erb (1.5ms)
  Rendered shared/_login_form.html.erb (0.0ms)
  Rendered shared/_sidebar.html.erb (0.9ms)
  Rendered shared/_footer.html.erb (0.1ms)
Completed 200 OK in 83ms (Views: 79.4ms | ActiveRecord: 0.4ms)
